[debug] [2022-01-14T14:51:46.329Z] ----------------------------------------------------------------------
[debug] [2022-01-14T14:51:46.333Z] Command:       C:\Program Files\nodejs\node.exe C:\Users\HP\AppData\Roaming\npm\node_modules\firebase-tools\lib\bin\firebase.js emulators:start
[debug] [2022-01-14T14:51:46.334Z] CLI Version:   10.0.1
[debug] [2022-01-14T14:51:46.334Z] Platform:      win32
[debug] [2022-01-14T14:51:46.335Z] Node Version:  v14.17.0
[debug] [2022-01-14T14:51:46.369Z] Time:          Fri Jan 14 2022 20:21:46 GMT+0530 (India Standard Time)
[debug] [2022-01-14T14:51:46.370Z] ----------------------------------------------------------------------
[debug] 
[debug] [2022-01-14T14:51:46.445Z] > command requires scopes: ["email","openid","https://www.googleapis.com/auth/cloudplatformprojects.readonly","https://www.googleapis.com/auth/firebase","https://www.googleapis.com/auth/cloud-platform"]
[debug] [2022-01-14T14:51:46.446Z] > authorizing via signed-in user (411609@student.nitandhra.ac.in)
[info] i  emulators: Starting emulators: functions, hosting {"metadata":{"emulator":{"name":"hub"},"message":"Starting emulators: functions, hosting"}}
[debug] [2022-01-14T14:51:46.492Z] [hub] writing locator at C:\Users\HP\AppData\Local\Temp\hub-clone-6d32a.json
[warn] !  functions: The following emulators are not running, calls to these services from the Functions emulator will affect production: auth, firestore, database, pubsub, storage {"metadata":{"emulator":{"name":"functions"},"message":"The following emulators are not running, calls to these services from the Functions emulator will affect production: \u001b[1mauth, firestore, database, pubsub, storage\u001b[22m"}}
[warn] !  Your requested "node" version "16" doesn't match your global version "14" {"metadata":{"emulator":{"name":"functions"},"message":"Your requested \"node\" version \"16\" doesn't match your global version \"14\""}}
[debug] [2022-01-14T14:51:46.755Z] defaultcredentials: writing to file C:\Users\HP\AppData\Roaming\firebase\411609_student_nitandhra.ac.in_application_default_credentials.json
[debug] [2022-01-14T14:51:46.757Z] Setting GAC to C:\Users\HP\AppData\Roaming\firebase\411609_student_nitandhra.ac.in_application_default_credentials.json {"metadata":{"emulator":{"name":"functions"},"message":"Setting GAC to C:\\Users\\HP\\AppData\\Roaming\\firebase\\411609_student_nitandhra.ac.in_application_default_credentials.json"}}
[debug] [2022-01-14T14:51:46.762Z] > refreshing access token with scopes: []
[debug] [2022-01-14T14:51:46.763Z] >>> HTTP REQUEST POST https://www.googleapis.com/oauth2/v3/token  
 <request body omitted>
[debug] [2022-01-14T14:51:46.998Z] <<< HTTP RESPONSE 200 {"expires":"Mon, 01 Jan 1990 00:00:00 GMT","date":"Fri, 14 Jan 2022 14:51:44 GMT","pragma":"no-cache","cache-control":"no-cache, no-store, max-age=0, must-revalidate","content-type":"application/json; charset=utf-8","vary":"X-Origin, Referer, Origin,Accept-Encoding","server":"scaffolding on HTTPServer2","x-xss-protection":"0","x-frame-options":"SAMEORIGIN","x-content-type-options":"nosniff","alt-svc":"h3=\":443\"; ma=2592000,h3-29=\":443\"; ma=2592000,h3-Q050=\":443\"; ma=2592000,h3-Q046=\":443\"; ma=2592000,h3-Q043=\":443\"; ma=2592000,quic=\":443\"; ma=2592000; v=\"46,43\"","accept-ranges":"none","transfer-encoding":"chunked"}
[debug] [2022-01-14T14:51:47.206Z] >>> [apiv2][query] GET https://firebase.googleapis.com/v1beta1/projects/clone-6d32a/adminSdkConfig [none]
[debug] [2022-01-14T14:51:47.758Z] <<< [apiv2][status] GET https://firebase.googleapis.com/v1beta1/projects/clone-6d32a/adminSdkConfig 200
[debug] [2022-01-14T14:51:47.759Z] <<< [apiv2][body] GET https://firebase.googleapis.com/v1beta1/projects/clone-6d32a/adminSdkConfig {"projectId":"clone-6d32a","storageBucket":"clone-6d32a.appspot.com","locationId":"us-central"}
[debug] [2022-01-14T14:51:47.844Z] >>> [apiv2][query] GET https://firebasehosting.googleapis.com/v1beta1/projects/clone-6d32a/sites 
[debug] [2022-01-14T14:51:49.499Z] <<< [apiv2][status] GET https://firebasehosting.googleapis.com/v1beta1/projects/clone-6d32a/sites 200
[debug] [2022-01-14T14:51:49.500Z] <<< [apiv2][body] GET https://firebasehosting.googleapis.com/v1beta1/projects/clone-6d32a/sites {"sites":[{"name":"projects/1070885610508/sites/clone-6d32a","defaultUrl":"https://clone-6d32a.web.app","type":"DEFAULT_SITE"}]}
[debug] [2022-01-14T14:51:49.501Z] >>> [apiv2][query] GET https://firebase.googleapis.com/v1beta1/projects/clone-6d32a/webApps/-/config [none]
[debug] [2022-01-14T14:51:50.829Z] <<< [apiv2][status] GET https://firebase.googleapis.com/v1beta1/projects/clone-6d32a/webApps/-/config 200
[debug] [2022-01-14T14:51:50.830Z] <<< [apiv2][body] GET https://firebase.googleapis.com/v1beta1/projects/clone-6d32a/webApps/-/config {"projectId":"clone-6d32a","appId":"1:1070885610508:web:2639fccda541b111e37a29","storageBucket":"clone-6d32a.appspot.com","locationId":"us-central","apiKey":"AIzaSyAxK71ELdCOnHdljxZLac0pWJ_-lZLlUVc","authDomain":"clone-6d32a.firebaseapp.com","messagingSenderId":"1070885610508"}
[info] i  hosting: Serving hosting files from: build {"metadata":{"emulator":{"name":"hosting"},"message":"Serving hosting files from: \u001b[1mbuild\u001b[22m"}}
[info] +  hosting: Local server: http://localhost:5000 {"metadata":{"emulator":{"name":"hosting"},"message":"Local server: \u001b[4m\u001b[1mhttp://localhost:5000\u001b[22m\u001b[24m"}}
[debug] [2022-01-14T14:51:51.141Z] Ignoring unsupported arg: auto_download {"metadata":{"emulator":{"name":"ui"},"message":"Ignoring unsupported arg: auto_download"}}
[debug] [2022-01-14T14:51:51.142Z] Ignoring unsupported arg: port {"metadata":{"emulator":{"name":"ui"},"message":"Ignoring unsupported arg: port"}}
[debug] [2022-01-14T14:51:51.142Z] Starting Emulator UI with command {"binary":"node","args":["C:\\Users\\HP\\.cache\\firebase\\emulators\\ui-v1.6.4\\server.bundle.js"],"optionalArgs":[],"joinArgs":false} {"metadata":{"emulator":{"name":"ui"},"message":"Starting Emulator UI with command {\"binary\":\"node\",\"args\":[\"C:\\\\Users\\\\HP\\\\.cache\\\\firebase\\\\emulators\\\\ui-v1.6.4\\\\server.bundle.js\"],\"optionalArgs\":[],\"joinArgs\":false}"}}
[info] i  ui: Emulator UI logging to ui-debug.log {"metadata":{"emulator":{"name":"ui"},"message":"Emulator UI logging to \u001b[1mui-debug.log\u001b[22m"}}
[debug] [2022-01-14T14:51:52.013Z] Web / API server started at localhost:4000
 {"metadata":{"emulator":{"name":"ui"},"message":"Web / API server started at localhost:4000\n"}}
[info] i  functions: Watching "E:\React\react amazon clone\amazon-clone\functions" for Cloud Functions... {"metadata":{"emulator":{"name":"functions"},"message":"Watching \"E:\\React\\react amazon clone\\amazon-clone\\functions\" for Cloud Functions..."}}
[debug] [2022-01-14T14:51:52.056Z] [worker-pool] addWorker(~diagnostic~) {"metadata":{"emulator":{"name":"functions"},"message":"[worker-pool] addWorker(~diagnostic~)"}}
[debug] [2022-01-14T14:51:52.056Z] [worker-pool] Adding worker with key ~diagnostic~, total=1 {"metadata":{"emulator":{"name":"functions"},"message":"[worker-pool] Adding worker with key ~diagnostic~, total=1"}}
[debug] [2022-01-14T14:51:52.057Z] [worker-pool] submitWork(triggerId=) {"metadata":{"emulator":{"name":"functions"},"message":"[worker-pool] submitWork(triggerId=)"}}
[debug] [2022-01-14T14:51:52.058Z] [worker-~diagnostic~-c9520b98-39a2-48c4-8263-d26219a50341]: Assigning socketPath: \\?\pipe\E:\React\react amazon clone\amazon-clone\functions\17588 {"metadata":{"emulator":{"name":"functions"},"message":"[worker-~diagnostic~-c9520b98-39a2-48c4-8263-d26219a50341]: Assigning socketPath: \\\\?\\pipe\\E:\\React\\react amazon clone\\amazon-clone\\functions\\17588"}}
[debug] [2022-01-14T14:51:52.058Z] [worker-~diagnostic~-c9520b98-39a2-48c4-8263-d26219a50341]: BUSY {"metadata":{"emulator":{"name":"functions"},"message":"[worker-~diagnostic~-c9520b98-39a2-48c4-8263-d26219a50341]: BUSY"}}
[debug] [2022-01-14T14:51:52.451Z] [runtime-status] [17588] Functions runtime initialized. {"cwd":"E:\\React\\react amazon clone\\amazon-clone\\functions","node_version":"14.17.0"} {"metadata":{"emulator":{"name":"functions"},"message":"[runtime-status] [17588] Functions runtime initialized. {\"cwd\":\"E:\\\\React\\\\react amazon clone\\\\amazon-clone\\\\functions\",\"node_version\":\"14.17.0\"}"}}
[debug] [2022-01-14T14:51:52.452Z] [runtime-status] [17588] Disabled runtime features: undefined {"metadata":{"emulator":{"name":"functions"},"message":"[runtime-status] [17588] Disabled runtime features: undefined"}}
[debug] [2022-01-14T14:51:52.456Z] [runtime-status] [17588] Resolved module firebase-admin {"declared":true,"installed":true,"version":"9.12.0","resolution":"E:\\React\\react amazon clone\\amazon-clone\\functions\\node_modules\\firebase-admin\\lib\\index.js"} {"metadata":{"emulator":{"name":"functions"},"message":"[runtime-status] [17588] Resolved module firebase-admin {\"declared\":true,\"installed\":true,\"version\":\"9.12.0\",\"resolution\":\"E:\\\\React\\\\react amazon clone\\\\amazon-clone\\\\functions\\\\node_modules\\\\firebase-admin\\\\lib\\\\index.js\"}"}}
[debug] [2022-01-14T14:51:52.460Z] [runtime-status] [17588] Resolved module firebase-functions {"declared":true,"installed":true,"version":"3.16.0","resolution":"E:\\React\\react amazon clone\\amazon-clone\\functions\\node_modules\\firebase-functions\\lib\\index.js"} {"metadata":{"emulator":{"name":"functions"},"message":"[runtime-status] [17588] Resolved module firebase-functions {\"declared\":true,\"installed\":true,\"version\":\"3.16.0\",\"resolution\":\"E:\\\\React\\\\react amazon clone\\\\amazon-clone\\\\functions\\\\node_modules\\\\firebase-functions\\\\lib\\\\index.js\"}"}}
[debug] [2022-01-14T14:51:52.462Z] [runtime-status] [17588] Outgoing network have been stubbed. [{"name":"http","status":"mocked"},{"name":"http","status":"mocked"},{"name":"https","status":"mocked"},{"name":"https","status":"mocked"},{"name":"net","status":"mocked"}] {"metadata":{"emulator":{"name":"functions"},"message":"[runtime-status] [17588] Outgoing network have been stubbed. [{\"name\":\"http\",\"status\":\"mocked\"},{\"name\":\"http\",\"status\":\"mocked\"},{\"name\":\"https\",\"status\":\"mocked\"},{\"name\":\"https\",\"status\":\"mocked\"},{\"name\":\"net\",\"status\":\"mocked\"}]"}}
[debug] [2022-01-14T14:51:52.463Z] [runtime-status] [17588] Resolved module firebase-functions {"declared":true,"installed":true,"version":"3.16.0","resolution":"E:\\React\\react amazon clone\\amazon-clone\\functions\\node_modules\\firebase-functions\\lib\\index.js"} {"metadata":{"emulator":{"name":"functions"},"message":"[runtime-status] [17588] Resolved module firebase-functions {\"declared\":true,\"installed\":true,\"version\":\"3.16.0\",\"resolution\":\"E:\\\\React\\\\react amazon clone\\\\amazon-clone\\\\functions\\\\node_modules\\\\firebase-functions\\\\lib\\\\index.js\"}"}}
[debug] [2022-01-14T14:51:52.565Z] [runtime-status] [17588] Checked functions.config() {"config":{}} {"metadata":{"emulator":{"name":"functions"},"message":"[runtime-status] [17588] Checked functions.config() {\"config\":{}}"}}
[debug] [2022-01-14T14:51:52.566Z] [runtime-status] [17588] firebase-functions has been stubbed. {"functionsResolution":{"declared":true,"installed":true,"version":"3.16.0","resolution":"E:\\React\\react amazon clone\\amazon-clone\\functions\\node_modules\\firebase-functions\\lib\\index.js"}} {"metadata":{"emulator":{"name":"functions"},"message":"[runtime-status] [17588] firebase-functions has been stubbed. {\"functionsResolution\":{\"declared\":true,\"installed\":true,\"version\":\"3.16.0\",\"resolution\":\"E:\\\\React\\\\react amazon clone\\\\amazon-clone\\\\functions\\\\node_modules\\\\firebase-functions\\\\lib\\\\index.js\"}}"}}
[debug] [2022-01-14T14:51:52.567Z] [runtime-status] [17588] Resolved module firebase-functions {"declared":true,"installed":true,"version":"3.16.0","resolution":"E:\\React\\react amazon clone\\amazon-clone\\functions\\node_modules\\firebase-functions\\lib\\index.js"} {"metadata":{"emulator":{"name":"functions"},"message":"[runtime-status] [17588] Resolved module firebase-functions {\"declared\":true,\"installed\":true,\"version\":\"3.16.0\",\"resolution\":\"E:\\\\React\\\\react amazon clone\\\\amazon-clone\\\\functions\\\\node_modules\\\\firebase-functions\\\\lib\\\\index.js\"}"}}
[debug] [2022-01-14T14:51:52.567Z] [runtime-status] [17588] Resolved module firebase-admin {"declared":true,"installed":true,"version":"9.12.0","resolution":"E:\\React\\react amazon clone\\amazon-clone\\functions\\node_modules\\firebase-admin\\lib\\index.js"} {"metadata":{"emulator":{"name":"functions"},"message":"[runtime-status] [17588] Resolved module firebase-admin {\"declared\":true,\"installed\":true,\"version\":\"9.12.0\",\"resolution\":\"E:\\\\React\\\\react amazon clone\\\\amazon-clone\\\\functions\\\\node_modules\\\\firebase-admin\\\\lib\\\\index.js\"}"}}
[debug] [2022-01-14T14:51:52.605Z] [runtime-status] [17588] Resolved module firebase-functions {"declared":true,"installed":true,"version":"3.16.0","resolution":"E:\\React\\react amazon clone\\amazon-clone\\functions\\node_modules\\firebase-functions\\lib\\index.js"} {"metadata":{"emulator":{"name":"functions"},"message":"[runtime-status] [17588] Resolved module firebase-functions {\"declared\":true,\"installed\":true,\"version\":\"3.16.0\",\"resolution\":\"E:\\\\React\\\\react amazon clone\\\\amazon-clone\\\\functions\\\\node_modules\\\\firebase-functions\\\\lib\\\\index.js\"}"}}
[debug] [2022-01-14T14:51:52.606Z] [runtime-status] [17588] firebase-admin has been stubbed. {"adminResolution":{"declared":true,"installed":true,"version":"9.12.0","resolution":"E:\\React\\react amazon clone\\amazon-clone\\functions\\node_modules\\firebase-admin\\lib\\index.js"}} {"metadata":{"emulator":{"name":"functions"},"message":"[runtime-status] [17588] firebase-admin has been stubbed. {\"adminResolution\":{\"declared\":true,\"installed\":true,\"version\":\"9.12.0\",\"resolution\":\"E:\\\\React\\\\react amazon clone\\\\amazon-clone\\\\functions\\\\node_modules\\\\firebase-admin\\\\lib\\\\index.js\"}}"}}
